In file included from ../ext/bson.cc:36:
In file included from ../ext/bson.h:17:
In file included from ../node_modules/nan/nan.h:63:
../node_modules/nan/nan_new.h:207:43: error: inline declaration of 'NanNew' follows non-inline definition
template <typename T> inline v8::Local<T> NanNew(v8::Handle<T> h);
                                          ^
../node_modules/nan/nan_implementation_pre_12_inl.h:210:1: note: previous definition is here
NanNew(v8::Handle<T> h) {
^
In file included from ../ext/bson.cc:36:
In file included from ../ext/bson.h:17:
In file included from ../node_modules/nan/nan.h:63:
../node_modules/nan/nan_new.h:208:43: error: inline declaration of 'NanNew' follows non-inline definition
template <typename T> inline v8::Local<T> NanNew(v8::Persistent<T> const& p);
                                          ^
../node_modules/nan/nan_implementation_pre_12_inl.h:216:1: note: previous definition is here
NanNew(v8::Persistent<T> const& p) {
^
2 errors generated.
make: *** [Release/obj.target/bson/ext/bson.o] Error 1
gyp ERR! build error 
gyp ERR! stack Error: `make` failed with exit code: 2
gyp ERR! stack     at ChildProcess.onExit (/usr/local/lib/node_modules/npm/node_modules/node-gyp/lib/build.js:267:23)
gyp ERR! stack     at ChildProcess.EventEmitter.emit (events.js:98:17)
gyp ERR! stack     at Process.ChildProcess._handle.onexit (child_process.js:807:12)
gyp ERR! System Darwin 14.3.0
gyp ERR! command "node" "/usr/local/lib/node_modules/npm/node_modules/node-gyp/bin/node-gyp.js" "rebuild"
gyp ERR! cwd /Users/srivigneshwar/sandrine/myDiary/server/node_modules/mongojs/node_modules/mongodb-core/node_modules/bson
gyp ERR! node -v v0.10.28
gyp ERR! node-gyp -v v1.0.2
gyp ERR! not ok 
